{
  "RSpec": {
    "coverage": {
      "/home/ubuntu/workspace/app/models/group.rb": [
        1,

        1,
        null
      ],
      "/home/ubuntu/workspace/app/controllers/groups_controller.rb": [
        1,
        1,
        1,
        null,
        null,
        1,
        9,

        null,
        null,
        1,
        null,
        null,
        null,
        1,
        1,
        1,
        1,
        null,
        null,
        1,
        1,
        1,
        null,
        null,
        null,
        1,
        0,
        null,
        null,
        1,
        1,
        1,
        1,
        1,
        null,
        null
      ],
      "/home/ubuntu/workspace/app/controllers/application_controller.rb": [
        1,
        null,
        null,
        1,
        1,
        null
      ],
      "/home/ubuntu/workspace/app/helpers/application_helper.rb": [
        1,
        null
      ],
      "/home/ubuntu/workspace/app/helpers/sessions_helper.rb": [

        1,
        null,
        null,
        1,
        null,
        null
      ],
      "/home/ubuntu/workspace/app/models/user.rb": [
        1,
        1,
        1,
        null,
        1,
        0,
        null,
        null,
        1,
        0,
        0,
        0,
        null,
        0,
        null,
        null,
        null
      ],
      "/home/ubuntu/workspace/app/controllers/users_controller.rb": [
        1,
        1,
        16,
        16,
        null,
        16,
        null,
        null,
        16,
        null,
        null,
        16,
        33,
        null,
        null,
        null,
        16,
        31,
        null,
        45,
        27,
        null,
        null,
        null,
        null,
        16,
        3,
        3,
        3,

        null,
        1,
        1,
        null,
        null,
        1,
        0,
        null,
        null,
        1,
        5,
        null,
        null,
        1,
        1,

        null,
        1,
        1,
        null,
        1,
        0,
        null,
        null,
        1,
        8,
        8,
        null,
        null,
        1,

        null,
        1,
        1,
        null,
        1,
        null,
        1,
        1,
        1,
        null,
        null,

        1,
        1,
        1,
        null,
        null,
        1,
        null,
        1,
        1,

        1,
        null,
        null,
        1,
        1,

        null,
        null,
        1,
        2,
        2,
        1,
        null,
        1,
        2,
        2,
        1,
        null,
        1,
        1,
        null,
        2,

        null,
        1,
        3,
        null,
        null,
        null
      ],
      "/home/ubuntu/workspace/app/controllers/sessions_controller.rb": [

        1,
        1,
        null,
        null,
        1,
        4,
        4,
        0,
        0,
        null,
        4,
        4,
        null,
        null,
        null,
        1,
        null,
        null
      ]
    },
    "timestamp": 1511931652

  },
  "Cucumber Features": {
    "coverage": {
      "/home/ubuntu/workspace/app/helpers/application_helper.rb": [

        1,
        1,
        null,
        null,
        null,
        null,
        null,
        null,
        null
      ],
      "/home/ubuntu/workspace/app/helpers/sessions_helper.rb": [
        1,
        null,
        null,
        1,
        0,
        null,
        null
      ],
      "/home/ubuntu/workspace/app/controllers/groups_controller.rb": [
        1,
        1,
        1,
        null,
        null,
        1,
        8,
        null,
        null,
        1,
        null,
        null,
        null,
        1,
        1,
        1,
        1,
        null,
        null,
        1,
        0,
        0,
        null,
        null,
        null,
        1,
        0,
        null,
        null,
        1,
        1,
        1,
        1,
        1,
        null,
        null
      ],
      "/home/ubuntu/workspace/app/controllers/application_controller.rb": [
        1,
        null,
        null,
        1,
        1,
        null
      ],
      "/home/ubuntu/workspace/app/controllers/sessions_controller.rb": [
        1,
        null,
        1,
        null,
        null,
        1,
        0,
        0,
        0,
        0,
        null,
        0,
        0,
        null,
        null,
        null,
        1,
        null,
        null
      ],
      "/home/ubuntu/workspace/app/controllers/users_controller.rb": [
        1,

        1,
        1,
        1,
        null,
        1,
        0,
        null,
        null,
        null
      ],
      "/home/ubuntu/workspace/cs-communication-helper/app/controllers/users_controller.rb": [
        1,
        1,
        22,
        22,
        22,
        null,
        22,
        22,
        null,
        null,
        22,
        null,
        22,
        39,
        null,
        null,
        22,
        43,
        null,
        63,
        39,
        39,
        null,
        null,
        null,
        null,
        22,
        5,
        5,
        5,
        5,
        null,
        null,
        null,
        null,
        1,
        5,
        null,
        null,
        1,
        1,
        null,
        null,
        1,
        0,
        null,
        null,
        1,
        8,
        8,
        null,
        null,
        1,
        null,
        1,
        1,
        null,
        1,
        null,
        1,
        null,
        1,
        1,
        null,
        1,
        null,
        1,
        1,
        null,
        null,
        1,
        0,
        null,
        null,
        1,
        null,
        1,
        0,
        null,
        null,
        1,
        null,
        1,
        1,
        1,
        null,
        null,
        1,
        1,
        null,
        null,
        1,
        1,
        1,
        null,
        null,
        1,
        1,
        null,
        null,
        1,
        4,
        4,
        4,
        4,
        null,
        null,
        1,
        2,
        2,
        1,
        null,
        1,
        1,
        null,
        2,
        null,
        null,
        null,
        null
      ],
      "/home/ubuntu/workspace/app/models/user.rb": [

        1,
        2,
        2,
        null,
        1,
        2,
        2,
        1,
        null,
        1,
        null,
        null,
        null
      ],
      "/home/ubuntu/workspace/app/models/group.rb": [
        1,

        1,
        null,
        1,
        null,
        null,
        null
      ]
    },
    "timestamp": 1511931566

  }
}
